python3 runtests.py | diff - output.txt
185,187c185,187
< 1
< 12
< 1291392
---
> 0
> 20
> 91392
3278c3278,3505
< Exited with an error.
---
> Output:
> 37848
> 37848
> 0
> 0
> -17415
> 239
> 239
> 239
> 239
> 239
> 239
> 239
> 239
> 239
> 239
> 239
> 239
> 239
> 239
> 239
> 239
> 239
> 239
> 75
> 0
> 0
> 0
> -17415
> 239
> 239
> 239
> 239
> 239
> 239
> 239
> 239
> 239
> 239
> 239
> 239
> 239
> 239
> 239
> 239
> 239
> 239
> 1
> 0
> 0
> -17415
> 239
> 239
> 239
> 239
> 239
> 239
> 239
> 239
> 239
> 239
> 239
> 239
> 239
> 239
> 239
> 239
> 239
> 239
> 0
> 0
> 0
> 0
> 0
> 0
> 0
> 0
> 0
> 0
> 0
> 0
> 0
> 0
> -17415
> 239
> 239
> 239
> 239
> 239
> 239
> 239
> 239
> 239
> 239
> 239
> 239
> 239
> 239
> 239
> 239
> 239
> 239
> 0
> 0
> -17415
> 239
> 239
> 239
> 239
> 239
> 239
> 239
> 239
> 239
> 239
> 239
> 239
> 239
> 239
> 239
> 239
> 239
> 239
> 0
> 0
> -17415
> 239
> 239
> 239
> 239
> 239
> 239
> 239
> 239
> 239
> 239
> 239
> 239
> 239
> 239
> 239
> 239
> 239
> 239
> 0
> 0
> -17415
> 239
> 239
> 239
> 239
> 239
> 239
> 239
> 239
> 239
> 239
> 239
> 239
> 239
> 239
> 239
> 239
> 239
> 239
> 0
> 0
> -17415
> 239
> 239
> 239
> 239
> 239
> 239
> 239
> 239
> 239
> 239
> 239
> 239
> 239
> 239
> 239
> 239
> 239
> 239
> 0
> 0
> -17415
> 239
> 239
> 239
> 239
> 239
> 239
> 239
> 239
> 239
> 239
> 239
> 239
> 239
> 239
> 239
> 239
> 239
> 239
> 0
> 0
> -17415
> 239
> 239
> 239
> 239
> 239
> 239
> 239
> 239
> 239
> 239
> 239
> 239
> 239
> 239
> 239
> 239
> 239
> 239
3304c3531
< 1475297632
---
> -33
3306c3533
< 1475297632
---
> -33
3308c3535
< 1475297632
---
> -33
3310c3537
< 1475297632
---
> -33
3312c3539
< 1475297632
---
> -33
3314c3541
< 1475297632
---
> -33
3316c3543
< 1475297632
---
> -33
3318c3545
< 1475297632
---
> -33
3320c3547
< 1475297632
---
> -33
3322c3549
< 1475297632
---
> -33
3324c3551
< 1475297632
---
> -33
3326c3553
< 1475297632
---
> -33
3328c3555
< 1475297632
---
> -33
3330c3557
< 1475297632
---
> -33
3332c3559
< 1475297632
---
> -33
3334c3561
< 1475297632
---
> -33
3336c3563
< 1475297632
---
> -33
3338c3565
< 1475297632
---
> -33
3340c3567
< 1475297632
---
> -33
3342c3569
< 1475297632
---
> -33
3344c3571
< 1475297632
---
> -33
3346c3573
< 1475297632
---
> -33
3348c3575
< 1475297632
---
> -33
3350c3577
< 1475297632
---
> -33
3352c3579
< 1475297632
---
> -33
3357,3358c3584,3585
< 0
< 0
---
> 1
> 1
23789c24016
< 1450524978
---
> 36
23807c24034
< 1450524978
---
> 36
23825c24052
< 1450524978
---
> 36
23843c24070
< 1450524978
---
> 36
23861c24088
< 1450524978
---
> 36
23879c24106
< 1450524978
---
> 36
23897c24124
< 1450524978
---
> 36
23915c24142
< 1450524978
---
> 36
23933c24160
< 1450524978
---
> 36
23951c24178
< 1450524978
---
> 36
23969c24196
< 1450524978
---
> 36
23987c24214
< 1450524978
---
> 36
24005c24232
< 1450524978
---
> 36
24023c24250
< 1450524978
---
> 36
24041c24268
< 1450524978
---
> 36
24059c24286
< 1450524978
---
> 36
24077c24304
< 1450524978
---
> 36
24095c24322
< 1450524978
---
> 36
24113c24340
< 1450524978
---
> 36
24131c24358
< 1450524978
---
> 36
24149c24376
< 1450524978
---
> 36
24167c24394
< 1450524978
---
> 36
24185c24412
< 1450524978
---
> 36
24203c24430
< 1450524978
---
> 36
24221c24448
< 1450524978
---
> 36
24239c24466
< 1450524978
---
> 36
24257c24484
< 1450524978
---
> 36
24275c24502
< 1450524978
---
> 36
24293c24520
< 1450524978
---
> 36
24311c24538
< 1450524978
---
> 36
24329c24556
< 1450524978
---
> 36
24347c24574
< 1450524978
---
> 36
24365c24592
< 1450524978
---
> 36
24383c24610
< 1450524978
---
> 36
24401c24628
< 1450524978
---
> 36
24419c24646
< 1450524978
---
> 36
24437c24664
< 1450524978
---
> 36
24455c24682
< 1450524978
---
> 36
24473c24700
< 1450524978
---
> 36
24491c24718
< 1450524978
---
> 36
24509c24736
< 1450524978
---
> 36
24527c24754
< 1450524978
---
> 36
24545c24772
< 1450524978
---
> 36
24563c24790
< 1450524978
---
> 36
24581c24808
< 1450524978
---
> 36
24599c24826
< 1450524978
---
> 36
24617c24844
< 1450524978
---
> 36
24635c24862
< 1450524978
---
> 36
24653c24880
< 1450524978
---
> 36
24671c24898
< 1450524978
---
> 36
24689c24916
< 1450524978
---
> 36
24707c24934
< 1450524978
---
> 36
24725c24952
< 1450524978
---
> 36
24743c24970
< 1450524978
---
> 36
24761c24988
< 1450524978
---
> 36
24779c25006
< 1450524978
---
> 36
24797c25024
< 1450524978
---
> 36
24815c25042
< 1450524978
---
> 36
24833c25060
< 1450524978
---
> 36
24851c25078
< 1450524978
---
> 36
24869c25096
< 1450524978
---
> 36
24887c25114
< 1450524978
---
> 36
24905c25132
< 1450524978
---
> 36
24923c25150
< 1450524978
---
> 36
24941c25168
< 1450524978
---
> 36
24959c25186
< 1450524978
---
> 36
24977c25204
< 1450524978
---
> 36
24995c25222
< 1450524978
---
> 36
25013c25240
< 1450524978
---
> 36
25031c25258
< 1450524978
---
> 36
25049c25276
< 1450524978
---
> 36
25067c25294
< 1450524978
---
> 36
25085c25312
< 1450524978
---
> 36
25103c25330
< 1450524978
---
> 36
25121c25348
< 1450524978
---
> 36
25139c25366
< 1450524978
---
> 36
25157c25384
< 1450524978
---
> 36
25175c25402
< 1450524978
---
> 36
25193c25420
< 1450524978
---
> 36
25211c25438
< 1450524978
---
> 36
25229c25456
< 1450524978
---
> 36
25247c25474
< 1450524978
---
> 36
25265c25492
< 1450524978
---
> 36
25283c25510
< 1450524978
---
> 36
25301c25528
< 1450524978
---
> 36
25319c25546
< 1450524978
---
> 36
25337c25564
< 1450524978
---
> 36
25355c25582
< 1450524978
---
> 36
25373c25600
< 1450524978
---
> 36
25391c25618
< 1450524978
---
> 36
25409c25636
< 1450524978
---
> 36
25427c25654
< 1450524978
---
> 36
25445c25672
< 1450524978
---
> 36
25463c25690
< 1450524978
---
> 36
25481c25708
< 1450524978
---
> 36
25499c25726
< 1450524978
---
> 36
25517c25744
< 1450524978
---
> 36
25535c25762
< 1450524978
---
> 36
25553c25780
< 1450524978
---
> 36
25571c25798
< 1450524978
---
> 36
25589c25816
< 1450524978
---
> 36
25607c25834
< 1450524978
---
> 36
25625c25852
< 1450524978
---
> 36
25643c25870
< 1450524978
---
> 36
25661c25888
< 1450524978
---
> 36
25679c25906
< 1450524978
---
> 36
25697c25924
< 1450524978
---
> 36
25715c25942
< 1450524978
---
> 36
25733c25960
< 1450524978
---
> 36
25751c25978
< 1450524978
---
> 36
25769c25996
< 1450524978
---
> 36
25787c26014
< 1450524978
---
> 36
26760c26987,27051
< Exited with an error.
---
> Output:
> 1
> 1
> 1
> 1
> 1
> 1
> 1
> 1
> 81
> 1
> 1
> 1
> 1
> 1
> 1
> 1
> 1
> 1
> 1
> 1
> 1
> 1
> 1
> 1
> 1
> 1
> 1
> 1
> 1
> 1
> 1
> 1
> 1
> 1
> 1
> 1
> 1
> 1
> 1
> 1
> 1
> 6669
> 1
> 1
> 1
> 1
> 1
> 1
> 1
> -29597
> 1
> 1
> 1
> 1
> -29597
> 1
> 1
> 1
> 71
> 1
> 1
> 1
> 1
> 1
Makefile:47: recipe for target 'diff' failed
